2024-05-24T17:46:25.822Z info: ::1 - - [24/May/2024:17:46:25 +0000] "GET / HTTP/1.1" 304 -

2024-05-24T17:46:34.912Z info: ::1 - - [24/May/2024:17:46:34 +0000] "GET / HTTP/1.1" 304 -

2024-05-24T17:46:42.600Z info: ::1 - - [24/May/2024:17:46:42 +0000] "GET / HTTP/1.1" 304 -

2024-05-24T18:10:01.191Z info: ::1 - - [24/May/2024:18:10:01 +0000] "GET / HTTP/1.1" 304 -

2024-05-24T19:07:46.919Z info: ::1 - - [24/May/2024:19:07:46 +0000] "GET / HTTP/1.1" 304 -

2024-05-24T19:07:48.343Z info: ::1 - - [24/May/2024:19:07:48 +0000] "GET / HTTP/1.1" 304 -

2024-05-24T19:07:49.312Z info: ::1 - - [24/May/2024:19:07:49 +0000] "GET / HTTP/1.1" 304 -

2024-05-27T16:40:31.133Z info: ::1 - - [27/May/2024:16:40:31 +0000] "GET /products HTTP/1.1" 412 55

2024-05-27T16:46:12.689Z info: ::1 - - [27/May/2024:16:46:12 +0000] "GET /products HTTP/1.1" 200 2

2024-05-27T16:47:14.763Z info: ::1 - - [27/May/2024:16:47:14 +0000] "POST /products HTTP/1.1" 412 234

2024-05-27T16:49:56.272Z info: ::1 - - [27/May/2024:16:49:56 +0000] "POST /products HTTP/1.1" 200 227

2024-05-27T16:50:22.542Z info: ::1 - - [27/May/2024:16:50:22 +0000] "POST /products HTTP/1.1" 200 228

2024-05-27T16:51:01.248Z info: ::1 - - [27/May/2024:16:51:01 +0000] "POST /products HTTP/1.1" 200 230

2024-05-27T16:51:06.331Z info: ::1 - - [27/May/2024:16:51:06 +0000] "GET /products HTTP/1.1" 200 888

2024-06-04T17:43:19.281Z info: ::1 - - [04/Jun/2024:17:43:19 +0000] "GET / HTTP/1.1" 200 26

2024-06-04T18:02:27.438Z info: ::1 - - [04/Jun/2024:18:02:27 +0000] "GET /orders HTTP/1.1" 200 2

2024-06-04T18:45:09.209Z info: ::1 - - [04/Jun/2024:18:45:09 +0000] "GET / HTTP/1.1" 304 -

2024-06-04T20:01:42.186Z info: ::1 - - [04/Jun/2024:20:01:42 +0000] "GET / HTTP/1.1" 304 -

2024-06-04T20:22:49.431Z info: ::1 - - [04/Jun/2024:20:22:49 +0000] "GET / HTTP/1.1" 200 26

2024-06-04T20:24:17.623Z info: ::1 - - [04/Jun/2024:20:24:17 +0000] "GET / HTTP/1.1" 200 26

2024-06-04T20:25:09.966Z info: ::1 - - [04/Jun/2024:20:25:09 +0000] "GET / HTTP/1.1" 200 26

2024-06-04T20:26:41.428Z info: ::1 - - [04/Jun/2024:20:26:41 +0000] "GET / HTTP/1.1" 200 26

2024-06-04T20:31:06.708Z info: ::1 - - [04/Jun/2024:20:31:06 +0000] "GET /products HTTP/1.1" 200 888

2024-06-04T20:34:23.483Z info: ::1 - - [04/Jun/2024:20:34:23 +0000] "GET /products HTTP/1.1" 200 888

2024-06-05T13:38:14.864Z info: ::1 - - [05/Jun/2024:13:38:14 +0000] "GET /products HTTP/1.1" 200 888

2024-06-05T13:39:39.943Z info: ::1 - - [05/Jun/2024:13:39:39 +0000] "GET /products HTTP/1.1" 200 888

2024-06-05T13:39:57.049Z info: ::1 - - [05/Jun/2024:13:39:57 +0000] "GET /products HTTP/1.1" 200 888

2024-06-05T13:43:02.974Z info: ::1 - - [05/Jun/2024:13:43:02 +0000] "GET /products HTTP/1.1" 200 888

2024-06-05T13:43:57.754Z info: ::1 - - [05/Jun/2024:13:43:57 +0000] "GET /products HTTP/1.1" 200 888

2024-06-05T13:46:33.064Z info: ::1 - - [05/Jun/2024:13:46:33 +0000] "GET /products HTTP/1.1" 200 888

2024-06-05T13:49:08.379Z info: ::1 - - [05/Jun/2024:13:49:08 +0000] "GET /products HTTP/1.1" 200 888

2024-06-05T13:51:34.369Z info: ::1 - - [05/Jun/2024:13:51:34 +0000] "GET /products HTTP/1.1" 200 888

2024-06-05T13:51:40.900Z info: ::1 - - [05/Jun/2024:13:51:40 +0000] "GET /products HTTP/1.1" 200 888

2024-06-05T13:53:03.312Z info: ::1 - - [05/Jun/2024:13:53:03 +0000] "GET /products HTTP/1.1" 200 888

2024-06-05T13:53:31.269Z info: ::1 - - [05/Jun/2024:13:53:31 +0000] "GET /products HTTP/1.1" 200 888

2024-06-05T13:54:12.524Z info: ::1 - - [05/Jun/2024:13:54:12 +0000] "GET /products HTTP/1.1" 200 888

2024-06-05T13:54:49.600Z info: ::1 - - [05/Jun/2024:13:54:49 +0000] "GET /products HTTP/1.1" 200 888

2024-06-05T13:55:10.926Z info: ::1 - - [05/Jun/2024:13:55:10 +0000] "GET /products HTTP/1.1" 200 888

2024-06-05T13:55:18.743Z info: ::1 - - [05/Jun/2024:13:55:18 +0000] "GET /products HTTP/1.1" 200 888

2024-06-05T13:55:26.207Z info: ::1 - - [05/Jun/2024:13:55:26 +0000] "GET /products HTTP/1.1" 200 888

2024-06-05T13:55:34.411Z info: ::1 - - [05/Jun/2024:13:55:34 +0000] "GET /products HTTP/1.1" 200 888

2024-06-05T13:55:48.575Z info: ::1 - - [05/Jun/2024:13:55:48 +0000] "GET /products HTTP/1.1" 200 888

2024-06-05T13:56:37.604Z info: ::1 - - [05/Jun/2024:13:56:37 +0000] "GET /products HTTP/1.1" 200 888

2024-06-05T13:57:50.202Z info: ::1 - - [05/Jun/2024:13:57:50 +0000] "GET /products HTTP/1.1" 200 888

2024-06-05T13:58:18.036Z info: ::1 - - [05/Jun/2024:13:58:18 +0000] "GET /products HTTP/1.1" 200 888

2024-06-05T13:58:19.066Z info: ::1 - - [05/Jun/2024:13:58:19 +0000] "GET /products HTTP/1.1" 200 888

2024-06-05T13:58:54.308Z info: ::1 - - [05/Jun/2024:13:58:54 +0000] "GET /products HTTP/1.1" 200 888

2024-06-05T13:59:05.330Z info: ::1 - - [05/Jun/2024:13:59:05 +0000] "GET /products HTTP/1.1" 200 888

2024-06-05T14:06:56.614Z info: ::1 - - [05/Jun/2024:14:06:56 +0000] "GET /products HTTP/1.1" 200 888

2024-06-05T14:08:09.243Z info: ::1 - - [05/Jun/2024:14:08:09 +0000] "GET /products HTTP/1.1" 200 888

2024-06-05T14:09:03.541Z info: ::1 - - [05/Jun/2024:14:09:03 +0000] "GET /products HTTP/1.1" 200 888

2024-06-05T14:09:43.738Z info: ::1 - - [05/Jun/2024:14:09:43 +0000] "GET /products HTTP/1.1" 200 888

2024-06-05T14:10:12.226Z info: ::1 - - [05/Jun/2024:14:10:12 +0000] "GET /products HTTP/1.1" 200 888

2024-06-05T14:10:52.703Z info: ::1 - - [05/Jun/2024:14:10:52 +0000] "GET /products HTTP/1.1" 200 888

2024-06-05T14:10:53.618Z info: ::1 - - [05/Jun/2024:14:10:53 +0000] "GET /products HTTP/1.1" 200 888

2024-06-05T14:11:10.895Z info: ::1 - - [05/Jun/2024:14:11:10 +0000] "GET /products HTTP/1.1" 200 888

2024-06-05T14:11:19.509Z info: ::1 - - [05/Jun/2024:14:11:19 +0000] "GET /products HTTP/1.1" 200 888

2024-06-05T14:11:27.772Z info: ::1 - - [05/Jun/2024:14:11:27 +0000] "GET /products HTTP/1.1" 200 888

2024-06-05T14:11:48.229Z info: ::1 - - [05/Jun/2024:14:11:48 +0000] "GET /products HTTP/1.1" 200 888

2024-06-05T14:12:24.174Z info: ::1 - - [05/Jun/2024:14:12:24 +0000] "GET /products HTTP/1.1" 200 888

2024-06-05T14:12:40.571Z info: ::1 - - [05/Jun/2024:14:12:40 +0000] "GET /products HTTP/1.1" 200 888

2024-06-05T14:12:54.113Z info: ::1 - - [05/Jun/2024:14:12:54 +0000] "GET /products HTTP/1.1" 200 888

2024-06-05T14:13:01.999Z info: ::1 - - [05/Jun/2024:14:13:01 +0000] "GET /products HTTP/1.1" 200 888

2024-06-05T14:14:08.628Z info: ::1 - - [05/Jun/2024:14:14:08 +0000] "GET /products HTTP/1.1" 200 888

2024-06-05T14:14:13.202Z info: ::1 - - [05/Jun/2024:14:14:13 +0000] "GET /products HTTP/1.1" 200 888

2024-06-05T14:14:25.240Z info: ::1 - - [05/Jun/2024:14:14:25 +0000] "GET /products HTTP/1.1" 200 888

2024-06-05T14:14:46.806Z info: ::1 - - [05/Jun/2024:14:14:46 +0000] "GET /products HTTP/1.1" 200 888

2024-06-05T14:16:35.225Z info: ::1 - - [05/Jun/2024:14:16:35 +0000] "GET /products HTTP/1.1" 200 888

2024-06-05T14:16:53.350Z info: ::1 - - [05/Jun/2024:14:16:53 +0000] "GET /products HTTP/1.1" 200 888

2024-06-05T14:27:10.822Z info: ::1 - - [05/Jun/2024:14:27:10 +0000] "GET /products HTTP/1.1" 200 888

2024-06-05T14:27:38.375Z info: ::1 - - [05/Jun/2024:14:27:38 +0000] "GET /products HTTP/1.1" 200 888

2024-06-05T14:28:23.821Z info: ::1 - - [05/Jun/2024:14:28:23 +0000] "GET /products HTTP/1.1" 200 888

2024-06-05T14:28:42.483Z info: ::1 - - [05/Jun/2024:14:28:42 +0000] "GET /products HTTP/1.1" 200 888

2024-06-05T14:30:41.532Z info: ::1 - - [05/Jun/2024:14:30:41 +0000] "GET /products HTTP/1.1" 200 888

2024-06-05T14:30:50.642Z info: ::1 - - [05/Jun/2024:14:30:50 +0000] "GET /products HTTP/1.1" 200 888

2024-06-05T14:30:51.372Z info: ::1 - - [05/Jun/2024:14:30:51 +0000] "GET /products HTTP/1.1" 200 888

2024-06-05T14:31:33.142Z info: ::1 - - [05/Jun/2024:14:31:33 +0000] "GET /products HTTP/1.1" 200 888

2024-06-05T17:05:06.498Z info: ::1 - - [05/Jun/2024:17:05:06 +0000] "GET /products HTTP/1.1" 200 888

2024-06-05T17:05:52.425Z info: ::1 - - [05/Jun/2024:17:05:52 +0000] "GET /products HTTP/1.1" 200 888

2024-06-05T17:06:53.961Z info: ::1 - - [05/Jun/2024:17:06:53 +0000] "GET /products HTTP/1.1" 200 888

2024-06-05T17:07:13.494Z info: ::1 - - [05/Jun/2024:17:07:13 +0000] "GET /products HTTP/1.1" 200 888

2024-06-05T17:07:29.508Z info: ::1 - - [05/Jun/2024:17:07:29 +0000] "GET /products HTTP/1.1" 200 888

2024-06-05T18:10:11.354Z info: ::1 - - [05/Jun/2024:18:10:11 +0000] "GET /products HTTP/1.1" 200 888

2024-06-05T18:10:15.150Z info: ::1 - - [05/Jun/2024:18:10:15 +0000] "GET /products HTTP/1.1" 200 888

2024-06-05T18:10:26.695Z info: ::1 - - [05/Jun/2024:18:10:26 +0000] "GET / HTTP/1.1" 200 26

2024-06-05T18:10:29.316Z info: ::1 - - [05/Jun/2024:18:10:29 +0000] "GET / HTTP/1.1" 200 26

2024-06-05T18:10:46.428Z info: ::1 - - [05/Jun/2024:18:10:46 +0000] "GET / HTTP/1.1" 200 26

2024-06-05T18:11:03.039Z info: ::1 - - [05/Jun/2024:18:11:03 +0000] "GET / HTTP/1.1" 200 26

2024-06-05T18:11:40.872Z info: ::1 - - [05/Jun/2024:18:11:40 +0000] "GET / HTTP/1.1" 200 26

2024-06-05T18:11:51.137Z info: ::1 - - [05/Jun/2024:18:11:51 +0000] "GET /products HTTP/1.1" 200 888

2024-06-05T18:11:57.123Z info: ::1 - - [05/Jun/2024:18:11:57 +0000] "GET / HTTP/1.1" 200 26

2024-06-05T18:12:12.123Z info: ::1 - - [05/Jun/2024:18:12:12 +0000] "GET /products HTTP/1.1" 200 888

2024-06-05T18:20:54.841Z info: ::1 - - [05/Jun/2024:18:20:54 +0000] "GET / HTTP/1.1" 200 26

2024-06-05T18:20:57.759Z info: ::1 - - [05/Jun/2024:18:20:57 +0000] "GET / HTTP/1.1" 200 26

2024-06-05T18:20:59.352Z info: ::1 - - [05/Jun/2024:18:20:59 +0000] "GET / HTTP/1.1" 200 26

2024-06-05T18:21:02.486Z info: ::1 - - [05/Jun/2024:18:21:02 +0000] "GET / HTTP/1.1" 200 26

2024-06-05T18:21:04.905Z info: ::1 - - [05/Jun/2024:18:21:04 +0000] "GET / HTTP/1.1" 200 26

2024-06-05T18:21:07.279Z info: ::1 - - [05/Jun/2024:18:21:07 +0000] "GET / HTTP/1.1" 200 26

2024-06-05T18:25:11.190Z info: ::1 - - [05/Jun/2024:18:25:11 +0000] "GET / HTTP/1.1" 200 26

2024-06-05T18:25:15.300Z info: ::1 - - [05/Jun/2024:18:25:15 +0000] "GET / HTTP/1.1" 200 26

2024-06-05T18:25:19.707Z info: ::1 - - [05/Jun/2024:18:25:19 +0000] "GET / HTTP/1.1" 200 26

2024-06-05T18:25:22.600Z info: ::1 - - [05/Jun/2024:18:25:22 +0000] "GET / HTTP/1.1" 200 26

2024-06-05T18:26:38.170Z info: ::1 - - [05/Jun/2024:18:26:38 +0000] "GET / HTTP/1.1" 200 26

2024-06-05T18:36:43.927Z info: ::1 - - [05/Jun/2024:18:36:43 +0000] "GET / HTTP/1.1" 200 26

2024-06-05T18:36:46.089Z info: ::1 - - [05/Jun/2024:18:36:46 +0000] "GET / HTTP/1.1" 200 26

2024-06-05T18:37:19.577Z info: ::1 - - [05/Jun/2024:18:37:19 +0000] "GET / HTTP/1.1" 200 26

2024-06-05T18:38:17.995Z info: ::1 - - [05/Jun/2024:18:38:17 +0000] "GET / HTTP/1.1" 200 26

2024-06-05T18:38:33.750Z info: ::1 - - [05/Jun/2024:18:38:33 +0000] "GET / HTTP/1.1" 200 26

2024-06-05T18:38:34.679Z info: ::1 - - [05/Jun/2024:18:38:34 +0000] "GET / HTTP/1.1" 200 26

2024-06-05T18:38:45.306Z info: ::1 - - [05/Jun/2024:18:38:45 +0000] "GET / HTTP/1.1" 200 26

2024-06-05T18:39:14.660Z info: ::1 - - [05/Jun/2024:18:39:14 +0000] "GET / HTTP/1.1" 200 26

2024-06-05T18:39:15.234Z info: ::1 - - [05/Jun/2024:18:39:15 +0000] "GET / HTTP/1.1" 200 26

2024-06-05T18:39:15.417Z info: ::1 - - [05/Jun/2024:18:39:15 +0000] "GET / HTTP/1.1" 200 26

2024-06-05T18:39:35.993Z info: ::1 - - [05/Jun/2024:18:39:35 +0000] "GET / HTTP/1.1" 200 26

2024-06-05T18:40:01.656Z info: ::1 - - [05/Jun/2024:18:40:01 +0000] "GET / HTTP/1.1" 200 26

2024-06-05T18:40:08.748Z info: ::1 - - [05/Jun/2024:18:40:08 +0000] "GET / HTTP/1.1" 200 26

2024-06-05T18:41:02.104Z info: ::1 - - [05/Jun/2024:18:41:02 +0000] "GET / HTTP/1.1" 200 26

2024-06-05T18:41:21.692Z info: ::1 - - [05/Jun/2024:18:41:21 +0000] "GET / HTTP/1.1" 200 26

2024-06-05T18:41:44.699Z info: ::1 - - [05/Jun/2024:18:41:44 +0000] "GET / HTTP/1.1" 200 26

2024-06-05T18:41:45.887Z info: ::1 - - [05/Jun/2024:18:41:45 +0000] "GET / HTTP/1.1" 200 26

2024-06-05T18:42:28.339Z info: ::1 - - [05/Jun/2024:18:42:28 +0000] "GET / HTTP/1.1" 200 26

2024-06-05T18:42:40.908Z info: ::1 - - [05/Jun/2024:18:42:40 +0000] "GET / HTTP/1.1" 200 26

2024-06-05T18:42:52.645Z info: ::1 - - [05/Jun/2024:18:42:52 +0000] "GET / HTTP/1.1" 200 26

2024-06-05T18:43:04.782Z info: ::1 - - [05/Jun/2024:18:43:04 +0000] "GET / HTTP/1.1" 200 26

2024-06-05T18:43:17.291Z info: ::1 - - [05/Jun/2024:18:43:17 +0000] "GET / HTTP/1.1" 200 26

2024-06-05T18:43:20.437Z info: ::1 - - [05/Jun/2024:18:43:20 +0000] "GET / HTTP/1.1" 200 26

2024-06-05T18:44:14.778Z info: ::1 - - [05/Jun/2024:18:44:14 +0000] "GET / HTTP/1.1" 200 26

2024-06-05T18:44:31.244Z info: ::1 - - [05/Jun/2024:18:44:31 +0000] "GET / HTTP/1.1" 200 26

2024-06-05T18:44:32.052Z info: ::1 - - [05/Jun/2024:18:44:32 +0000] "GET / HTTP/1.1" 200 26

2024-06-05T18:45:43.834Z info: ::1 - - [05/Jun/2024:18:45:43 +0000] "GET / HTTP/1.1" 200 26

2024-06-05T18:45:46.382Z info: ::1 - - [05/Jun/2024:18:45:46 +0000] "GET / HTTP/1.1" 200 26

2024-06-05T18:45:54.945Z info: ::1 - - [05/Jun/2024:18:45:54 +0000] "GET / HTTP/1.1" 200 26

2024-06-05T18:46:06.758Z info: ::1 - - [05/Jun/2024:18:46:06 +0000] "GET / HTTP/1.1" 200 26

2024-06-05T18:46:13.763Z info: ::1 - - [05/Jun/2024:18:46:13 +0000] "GET / HTTP/1.1" 200 26

2024-06-05T18:46:24.484Z info: ::1 - - [05/Jun/2024:18:46:24 +0000] "GET / HTTP/1.1" 200 26

2024-06-05T18:46:34.552Z info: ::1 - - [05/Jun/2024:18:46:34 +0000] "GET / HTTP/1.1" 200 26

2024-06-05T18:46:42.089Z info: ::1 - - [05/Jun/2024:18:46:42 +0000] "GET / HTTP/1.1" 200 26

2024-06-05T18:46:53.488Z info: ::1 - - [05/Jun/2024:18:46:53 +0000] "GET / HTTP/1.1" 200 26

2024-06-05T18:47:23.752Z info: ::1 - - [05/Jun/2024:18:47:23 +0000] "GET / HTTP/1.1" 200 26

2024-06-05T18:47:24.420Z info: ::1 - - [05/Jun/2024:18:47:24 +0000] "GET / HTTP/1.1" 200 26

2024-06-05T18:47:24.596Z info: ::1 - - [05/Jun/2024:18:47:24 +0000] "GET / HTTP/1.1" 200 26

2024-06-05T18:47:36.694Z info: ::1 - - [05/Jun/2024:18:47:36 +0000] "GET / HTTP/1.1" 200 26

2024-06-05T18:48:48.062Z info: ::1 - - [05/Jun/2024:18:48:48 +0000] "GET / HTTP/1.1" 200 26

2024-06-05T18:50:10.397Z info: ::1 - - [05/Jun/2024:18:50:10 +0000] "GET / HTTP/1.1" 200 26

2024-06-05T18:50:25.861Z info: ::1 - - [05/Jun/2024:18:50:25 +0000] "GET / HTTP/1.1" 200 26

2024-06-05T18:50:36.245Z info: ::1 - - [05/Jun/2024:18:50:36 +0000] "GET / HTTP/1.1" 200 26

2024-06-05T18:50:47.297Z info: ::1 - - [05/Jun/2024:18:50:47 +0000] "GET / HTTP/1.1" 200 26

2024-06-05T18:51:50.803Z info: ::1 - - [05/Jun/2024:18:51:50 +0000] "GET / HTTP/1.1" 200 26

2024-06-05T18:53:01.027Z info: ::1 - - [05/Jun/2024:18:53:01 +0000] "GET / HTTP/1.1" 200 26

2024-06-05T19:00:25.241Z info: ::1 - - [05/Jun/2024:19:00:25 +0000] "GET / HTTP/1.1" 200 26

2024-06-05T19:00:28.886Z info: ::1 - - [05/Jun/2024:19:00:28 +0000] "GET / HTTP/1.1" 200 26

2024-06-05T19:00:30.480Z info: ::1 - - [05/Jun/2024:19:00:30 +0000] "GET / HTTP/1.1" 200 26

2024-06-05T19:00:32.608Z info: ::1 - - [05/Jun/2024:19:00:32 +0000] "GET / HTTP/1.1" 200 26

2024-06-05T19:00:37.824Z info: ::1 - - [05/Jun/2024:19:00:37 +0000] "GET / HTTP/1.1" 200 26

2024-06-05T19:00:40.750Z info: ::1 - - [05/Jun/2024:19:00:40 +0000] "GET / HTTP/1.1" 200 26

2024-06-05T19:00:46.240Z info: ::1 - - [05/Jun/2024:19:00:46 +0000] "GET / HTTP/1.1" 200 26

2024-06-05T19:00:47.430Z info: ::1 - - [05/Jun/2024:19:00:47 +0000] "GET / HTTP/1.1" 200 26

2024-06-05T19:39:03.566Z error: uncaughtException: bind EADDRINUSE null:3000
Error: bind EADDRINUSE null:3000
    at listenOnPrimaryHandle (node:net:1940:18)
    at shared (node:internal/cluster/child:157:3)
    at Worker.<anonymous> (node:internal/cluster/child:110:7)
    at process.onInternalMessage (node:internal/cluster/utils:49:5)
    at process.emit (node:events:530:35)
    at process.emit (node:domain:488:12)
    at emit (node:internal/child_process:951:14)
    at processTicksAndRejections (node:internal/process/task_queues:83:21)
2024-06-05T19:39:03.618Z error: uncaughtException: bind EADDRINUSE null:3000
Error: bind EADDRINUSE null:3000
    at listenOnPrimaryHandle (node:net:1940:18)
    at shared (node:internal/cluster/child:157:3)
    at Worker.<anonymous> (node:internal/cluster/child:110:7)
    at process.onInternalMessage (node:internal/cluster/utils:49:5)
    at process.emit (node:events:530:35)
    at process.emit (node:domain:488:12)
    at emit (node:internal/child_process:951:14)
    at processTicksAndRejections (node:internal/process/task_queues:83:21)
2024-06-05T19:39:03.624Z error: uncaughtException: bind EADDRINUSE null:3000
Error: bind EADDRINUSE null:3000
    at listenOnPrimaryHandle (node:net:1940:18)
    at shared (node:internal/cluster/child:157:3)
    at Worker.<anonymous> (node:internal/cluster/child:110:7)
    at process.onInternalMessage (node:internal/cluster/utils:49:5)
    at process.emit (node:events:530:35)
    at process.emit (node:domain:488:12)
    at emit (node:internal/child_process:951:14)
    at processTicksAndRejections (node:internal/process/task_queues:83:21)
2024-06-05T19:39:03.647Z error: uncaughtException: bind EADDRINUSE null:3000
Error: bind EADDRINUSE null:3000
    at listenOnPrimaryHandle (node:net:1940:18)
    at shared (node:internal/cluster/child:157:3)
    at Worker.<anonymous> (node:internal/cluster/child:110:7)
    at process.onInternalMessage (node:internal/cluster/utils:49:5)
    at process.emit (node:events:530:35)
    at process.emit (node:domain:488:12)
    at emit (node:internal/child_process:951:14)
    at processTicksAndRejections (node:internal/process/task_queues:83:21)
2024-06-05T19:41:50.927Z info: ::1 - - [05/Jun/2024:19:41:50 +0000] "GET /products HTTP/1.1" 200 888

2024-06-05T19:42:07.758Z info: ::1 - - [05/Jun/2024:19:42:07 +0000] "GET /carts HTTP/1.1" 404 144

2024-06-05T19:42:13.585Z info: ::1 - - [05/Jun/2024:19:42:13 +0000] "GET /cart HTTP/1.1" 404 143

2024-06-05T19:42:28.340Z info: ::1 - - [05/Jun/2024:19:42:28 +0000] "POST /cart HTTP/1.1" 404 144

2024-06-05T19:43:45.297Z info: ::1 - - [05/Jun/2024:19:43:45 +0000] "POST /cart HTTP/1.1" 404 144

2024-06-05T19:51:53.388Z error: uncaughtException: bind EADDRINUSE null:3000
Error: bind EADDRINUSE null:3000
    at listenOnPrimaryHandle (node:net:1940:18)
    at shared (node:internal/cluster/child:157:3)
    at Worker.<anonymous> (node:internal/cluster/child:110:7)
    at process.onInternalMessage (node:internal/cluster/utils:49:5)
    at process.emit (node:events:530:35)
    at process.emit (node:domain:488:12)
    at emit (node:internal/child_process:951:14)
    at processTicksAndRejections (node:internal/process/task_queues:83:21)
2024-06-05T19:51:53.509Z error: uncaughtException: bind EADDRINUSE null:3000
Error: bind EADDRINUSE null:3000
    at listenOnPrimaryHandle (node:net:1940:18)
    at shared (node:internal/cluster/child:157:3)
    at Worker.<anonymous> (node:internal/cluster/child:110:7)
    at process.onInternalMessage (node:internal/cluster/utils:49:5)
    at process.emit (node:events:530:35)
    at process.emit (node:domain:488:12)
    at emit (node:internal/child_process:951:14)
    at processTicksAndRejections (node:internal/process/task_queues:83:21)
2024-06-05T19:51:53.584Z error: uncaughtException: bind EADDRINUSE null:3000
Error: bind EADDRINUSE null:3000
    at listenOnPrimaryHandle (node:net:1940:18)
    at shared (node:internal/cluster/child:157:3)
    at Worker.<anonymous> (node:internal/cluster/child:110:7)
    at process.onInternalMessage (node:internal/cluster/utils:49:5)
    at process.emit (node:events:530:35)
    at process.emit (node:domain:488:12)
    at emit (node:internal/child_process:951:14)
    at processTicksAndRejections (node:internal/process/task_queues:83:21)
2024-06-05T19:51:53.609Z error: uncaughtException: bind EADDRINUSE null:3000
Error: bind EADDRINUSE null:3000
    at listenOnPrimaryHandle (node:net:1940:18)
    at shared (node:internal/cluster/child:157:3)
    at Worker.<anonymous> (node:internal/cluster/child:110:7)
    at process.onInternalMessage (node:internal/cluster/utils:49:5)
    at process.emit (node:events:530:35)
    at process.emit (node:domain:488:12)
    at emit (node:internal/child_process:951:14)
    at processTicksAndRejections (node:internal/process/task_queues:83:21)
2024-06-05T20:04:34.155Z info: ::1 - - [05/Jun/2024:20:04:34 +0000] "POST /cart HTTP/1.1" 404 144

2024-06-05T20:08:24.301Z error: uncaughtException: bind EADDRINUSE null:3000
Error: bind EADDRINUSE null:3000
    at listenOnPrimaryHandle (node:net:1940:18)
    at shared (node:internal/cluster/child:157:3)
    at Worker.<anonymous> (node:internal/cluster/child:110:7)
    at process.onInternalMessage (node:internal/cluster/utils:49:5)
    at process.emit (node:events:530:35)
    at process.emit (node:domain:488:12)
    at emit (node:internal/child_process:951:14)
    at processTicksAndRejections (node:internal/process/task_queues:83:21)
2024-06-05T20:08:24.334Z error: uncaughtException: bind EADDRINUSE null:3000
Error: bind EADDRINUSE null:3000
    at listenOnPrimaryHandle (node:net:1940:18)
    at shared (node:internal/cluster/child:157:3)
    at Worker.<anonymous> (node:internal/cluster/child:110:7)
    at process.onInternalMessage (node:internal/cluster/utils:49:5)
    at process.emit (node:events:530:35)
    at process.emit (node:domain:488:12)
    at emit (node:internal/child_process:951:14)
    at processTicksAndRejections (node:internal/process/task_queues:83:21)
2024-06-05T20:08:24.365Z error: uncaughtException: bind EADDRINUSE null:3000
Error: bind EADDRINUSE null:3000
    at listenOnPrimaryHandle (node:net:1940:18)
    at shared (node:internal/cluster/child:157:3)
    at Worker.<anonymous> (node:internal/cluster/child:110:7)
    at process.onInternalMessage (node:internal/cluster/utils:49:5)
    at process.emit (node:events:530:35)
    at process.emit (node:domain:488:12)
    at emit (node:internal/child_process:951:14)
    at processTicksAndRejections (node:internal/process/task_queues:83:21)
2024-06-05T20:08:24.381Z error: uncaughtException: bind EADDRINUSE null:3000
Error: bind EADDRINUSE null:3000
    at listenOnPrimaryHandle (node:net:1940:18)
    at shared (node:internal/cluster/child:157:3)
    at Worker.<anonymous> (node:internal/cluster/child:110:7)
    at process.onInternalMessage (node:internal/cluster/utils:49:5)
    at process.emit (node:events:530:35)
    at process.emit (node:domain:488:12)
    at emit (node:internal/child_process:951:14)
    at processTicksAndRejections (node:internal/process/task_queues:83:21)
2024-06-05T20:11:05.230Z info: ::1 - - [05/Jun/2024:20:11:05 +0000] "GET / HTTP/1.1" 304 -

2024-06-05T20:11:05.835Z error: uncaughtException: EPIPE: broken pipe, write
Error: EPIPE: broken pipe, write
    at Socket._write (node:internal/net:61:25)
    at writeOrBuffer (node:internal/streams/writable:564:12)
    at _write (node:internal/streams/writable:493:10)
    at Socket.Writable.write (node:internal/streams/writable:502:10)
    at Console.log (C:\Users\mmilanez\OneDrive - UniSãoJosé\Desktop\ordergenius-api\node_modules\winston\lib\winston\transports\console.js:79:23)
    at Console._write (C:\Users\mmilanez\OneDrive - UniSãoJosé\Desktop\ordergenius-api\node_modules\winston-transport\modern.js:103:17)
    at doWrite (C:\Users\mmilanez\OneDrive - UniSãoJosé\Desktop\ordergenius-api\node_modules\winston-transport\node_modules\readable-stream\lib\_stream_writable.js:390:139)
    at writeOrBuffer (C:\Users\mmilanez\OneDrive - UniSãoJosé\Desktop\ordergenius-api\node_modules\winston-transport\node_modules\readable-stream\lib\_stream_writable.js:381:5)
    at Console.Writable.write (C:\Users\mmilanez\OneDrive - UniSãoJosé\Desktop\ordergenius-api\node_modules\winston-transport\node_modules\readable-stream\lib\_stream_writable.js:302:11)
    at DerivedLogger.ondata (C:\Users\mmilanez\OneDrive - UniSãoJosé\Desktop\ordergenius-api\node_modules\winston\node_modules\readable-stream\lib\_stream_readable.js:629:20)
2024-06-05T20:32:52.005Z info: ::1 - - [05/Jun/2024:20:32:52 +0000] "POST /products HTTP/1.1" 412 129

2024-06-05T20:34:00.151Z info: ::1 - - [05/Jun/2024:20:34:00 +0000] "POST /products HTTP/1.1" 200 229

2024-06-05T20:34:05.475Z info: ::1 - - [05/Jun/2024:20:34:05 +0000] "POST /products HTTP/1.1" 200 229

2024-06-05T20:34:12.058Z info: ::1 - - [05/Jun/2024:20:34:12 +0000] "POST /products HTTP/1.1" 200 229

2024-06-05T20:34:18.984Z info: ::1 - - [05/Jun/2024:20:34:18 +0000] "GET /products HTTP/1.1" 200 890

2024-06-05T20:34:36.359Z info: ::1 - - [05/Jun/2024:20:34:36 +0000] "GET /products/1 HTTP/1.1" 200 250

2024-06-05T20:34:44.357Z info: ::1 - - [05/Jun/2024:20:34:44 +0000] "GET /products/3 HTTP/1.1" 200 250

2024-06-05T20:34:55.282Z info: ::1 - - [05/Jun/2024:20:34:55 +0000] "GET /products/ HTTP/1.1" 200 890

2024-06-05T20:37:52.784Z info: ::1 - - [05/Jun/2024:20:37:52 +0000] "GET /cart HTTP/1.1" 404 143

2024-06-05T20:38:03.335Z info: ::1 - - [05/Jun/2024:20:38:03 +0000] "POST /cart HTTP/1.1" 412 59

2024-06-05T20:50:37.912Z info: ::1 - - [05/Jun/2024:20:50:37 +0000] "POST /cart HTTP/1.1" 412 59

2024-06-05T20:53:53.656Z info: ::1 - - [05/Jun/2024:20:53:53 +0000] "POST /cart HTTP/1.1" 412 59

2024-06-05T20:54:07.971Z info: ::1 - - [05/Jun/2024:20:54:07 +0000] "GET / HTTP/1.1" 304 -

2024-06-05T20:55:48.809Z info: ::1 - - [05/Jun/2024:20:55:48 +0000] "POST /cart HTTP/1.1" 412 59

2024-06-06T12:06:03.846Z info: ::1 - - [06/Jun/2024:12:06:03 +0000] "GET /products HTTP/1.1" 200 2

2024-06-06T12:16:14.235Z info: ::1 - - [06/Jun/2024:12:16:14 +0000] "POST /products HTTP/1.1" 200 229

2024-06-06T12:16:31.142Z info: ::1 - - [06/Jun/2024:12:16:31 +0000] "POST /products HTTP/1.1" 200 228

2024-06-06T12:17:31.991Z info: ::1 - - [06/Jun/2024:12:17:31 +0000] "POST /products HTTP/1.1" 200 236

2024-06-06T12:17:36.032Z info: ::1 - - [06/Jun/2024:12:17:36 +0000] "GET /products HTTP/1.1" 200 896

2024-06-06T12:17:56.531Z info: ::1 - - [06/Jun/2024:12:17:56 +0000] "GET / HTTP/1.1" 200 26

2024-06-06T12:20:55.048Z info: ::1 - - [06/Jun/2024:12:20:55 +0000] "POST /tables HTTP/1.1" 200 134

2024-06-06T12:21:01.803Z info: ::1 - - [06/Jun/2024:12:21:01 +0000] "POST /tables HTTP/1.1" 200 134

2024-06-06T12:21:05.664Z info: ::1 - - [06/Jun/2024:12:21:05 +0000] "POST /tables HTTP/1.1" 200 134

2024-06-06T12:21:10.028Z info: ::1 - - [06/Jun/2024:12:21:10 +0000] "GET /tables HTTP/1.1" 200 482

2024-06-06T12:22:54.901Z info: ::1 - - [06/Jun/2024:12:22:54 +0000] "GET /cart HTTP/1.1" 404 143

2024-06-06T12:24:45.387Z info: ::1 - - [06/Jun/2024:12:24:45 +0000] "POST /cart HTTP/1.1" 200 162

2024-06-06T12:24:58.641Z info: ::1 - - [06/Jun/2024:12:24:58 +0000] "POST /cart HTTP/1.1" 200 162

2024-06-06T12:25:02.962Z info: ::1 - - [06/Jun/2024:12:25:02 +0000] "POST /cart HTTP/1.1" 200 162

2024-06-06T12:25:25.441Z info: ::1 - - [06/Jun/2024:12:25:25 +0000] "GET /cart/table/1 HTTP/1.1" 200 590

2024-06-06T12:26:40.816Z info: ::1 - - [06/Jun/2024:12:26:40 +0000] "POST /cart HTTP/1.1" 200 163

2024-06-06T12:26:46.409Z info: ::1 - - [06/Jun/2024:12:26:46 +0000] "POST /cart HTTP/1.1" 200 163

2024-06-06T12:26:50.687Z info: ::1 - - [06/Jun/2024:12:26:50 +0000] "POST /cart HTTP/1.1" 200 163

2024-06-06T12:27:04.233Z info: ::1 - - [06/Jun/2024:12:27:04 +0000] "GET /cart/table/2 HTTP/1.1" 200 593

2024-06-06T12:28:02.925Z info: ::1 - - [06/Jun/2024:12:28:02 +0000] "GET /orders HTTP/1.1" 200 2

2024-06-06T12:28:29.141Z info: ::1 - - [06/Jun/2024:12:28:29 +0000] "GET /orders/table/1 HTTP/1.1" 412 60

2024-06-06T12:34:26.656Z info: ::1 - - [06/Jun/2024:12:34:26 +0000] "POST /orders/from-cart/1 HTTP/1.1" 201 668

2024-06-06T12:34:36.298Z info: ::1 - - [06/Jun/2024:12:34:36 +0000] "POST /orders/from-cart/2 HTTP/1.1" 201 668

2024-06-06T12:34:40.608Z info: ::1 - - [06/Jun/2024:12:34:40 +0000] "POST /orders/from-cart/3 HTTP/1.1" 201 2

2024-06-06T12:34:58.800Z info: ::1 - - [06/Jun/2024:12:34:58 +0000] "GET /orders/table/1 HTTP/1.1" 412 60

2024-06-06T12:35:17.407Z info: ::1 - - [06/Jun/2024:12:35:17 +0000] "GET /orders HTTP/1.1" 200 -

2024-06-06T12:39:45.695Z info: ::1 - - [06/Jun/2024:12:39:45 +0000] "GET /cart HTTP/1.1" 404 143

2024-06-06T12:39:53.323Z info: ::1 - - [06/Jun/2024:12:39:53 +0000] "GET /cart/table/1 HTTP/1.1" 200 2

2024-06-12T13:06:44.186Z info: ::1 - - [12/Jun/2024:13:06:44 +0000] "GET / HTTP/1.1" 200 26

2024-06-12T13:06:49.249Z info: ::1 - - [12/Jun/2024:13:06:49 +0000] "GET / HTTP/1.1" 200 26

2024-06-12T13:06:51.284Z info: ::1 - - [12/Jun/2024:13:06:51 +0000] "GET / HTTP/1.1" 200 26

2024-06-12T13:06:52.365Z info: ::1 - - [12/Jun/2024:13:06:52 +0000] "GET / HTTP/1.1" 200 26

2024-06-12T13:06:54.741Z info: ::1 - - [12/Jun/2024:13:06:54 +0000] "GET / HTTP/1.1" 200 26

2024-06-12T13:06:57.539Z info: ::1 - - [12/Jun/2024:13:06:57 +0000] "GET / HTTP/1.1" 200 26

2024-06-12T13:06:58.540Z info: ::1 - - [12/Jun/2024:13:06:58 +0000] "GET / HTTP/1.1" 200 26

2024-06-12T13:09:07.891Z info: ::1 - - [12/Jun/2024:13:09:07 +0000] "GET / HTTP/1.1" 200 26

2024-06-12T13:09:13.503Z info: ::1 - - [12/Jun/2024:13:09:13 +0000] "GET /tables HTTP/1.1" 200 482

2024-06-12T14:35:08.872Z info: ::1 - - [12/Jun/2024:14:35:08 +0000] "GET /tables HTTP/1.1" 200 482

2024-06-12T14:35:18.296Z info: ::1 - - [12/Jun/2024:14:35:18 +0000] "GET / HTTP/1.1" 200 26

2024-06-12T14:35:21.893Z info: ::1 - - [12/Jun/2024:14:35:21 +0000] "GET / HTTP/1.1" 200 26

2024-06-12T14:35:24.916Z info: ::1 - - [12/Jun/2024:14:35:24 +0000] "GET / HTTP/1.1" 200 26

2024-06-12T14:35:26.117Z info: ::1 - - [12/Jun/2024:14:35:26 +0000] "GET / HTTP/1.1" 200 26

2024-06-12T14:35:28.114Z info: ::1 - - [12/Jun/2024:14:35:28 +0000] "GET / HTTP/1.1" 200 26

2024-06-12T15:02:53.686Z info: ::1 - - [12/Jun/2024:15:02:53 +0000] "GET /tables HTTP/1.1" 200 482

2024-06-12T16:53:07.638Z info: ::1 - - [12/Jun/2024:16:53:07 +0000] "GET / HTTP/1.1" 200 26

2024-06-12T17:22:57.183Z info: ::1 - - [12/Jun/2024:17:22:57 +0000] "GET / HTTP/1.1" 200 26

2024-06-12T17:32:09.832Z info: ::1 - - [12/Jun/2024:17:32:09 +0000] "GET /tables HTTP/1.1" 200 482

2024-06-12T17:32:12.823Z info: ::1 - - [12/Jun/2024:17:32:12 +0000] "GET / HTTP/1.1" 200 26

2024-06-12T17:32:30.515Z info: ::1 - - [12/Jun/2024:17:32:30 +0000] "GET / HTTP/1.1" 200 26

2024-06-12T17:32:32.725Z info: ::1 - - [12/Jun/2024:17:32:32 +0000] "GET / HTTP/1.1" 200 26

2024-06-12T17:32:38.697Z info: ::1 - - [12/Jun/2024:17:32:38 +0000] "GET / HTTP/1.1" 200 26

2024-06-12T17:32:40.319Z info: ::1 - - [12/Jun/2024:17:32:40 +0000] "GET / HTTP/1.1" 200 26

2024-06-12T17:32:43.424Z info: ::1 - - [12/Jun/2024:17:32:43 +0000] "GET / HTTP/1.1" 200 26

2024-06-12T17:32:53.800Z info: ::1 - - [12/Jun/2024:17:32:53 +0000] "GET / HTTP/1.1" 200 26

2024-06-12T17:37:07.819Z info: ::1 - - [12/Jun/2024:17:37:07 +0000] "GET / HTTP/1.1" 200 26

2024-06-12T17:37:10.715Z info: ::1 - - [12/Jun/2024:17:37:10 +0000] "GET / HTTP/1.1" 200 26

2024-06-12T17:37:20.384Z info: ::1 - - [12/Jun/2024:17:37:20 +0000] "GET / HTTP/1.1" 200 26

2024-06-12T17:38:27.039Z info: ::1 - - [12/Jun/2024:17:38:27 +0000] "GET / HTTP/1.1" 200 26

2024-06-12T17:38:50.826Z info: ::1 - - [12/Jun/2024:17:38:50 +0000] "GET / HTTP/1.1" 200 26

2024-06-12T17:38:52.458Z info: ::1 - - [12/Jun/2024:17:38:52 +0000] "GET / HTTP/1.1" 200 26

2024-06-12T18:00:40.526Z info: ::1 - - [12/Jun/2024:18:00:40 +0000] "GET /tables HTTP/1.1" 200 482

2024-06-12T18:06:45.314Z info: ::1 - - [12/Jun/2024:18:06:45 +0000] "GET / HTTP/1.1" 200 26

2024-06-12T18:06:47.233Z info: ::1 - - [12/Jun/2024:18:06:47 +0000] "GET / HTTP/1.1" 200 26

2024-06-12T18:06:49.328Z info: ::1 - - [12/Jun/2024:18:06:49 +0000] "GET / HTTP/1.1" 200 26

2024-06-12T18:06:51.488Z info: ::1 - - [12/Jun/2024:18:06:51 +0000] "GET / HTTP/1.1" 200 26

2024-06-12T18:10:38.439Z info: ::1 - - [12/Jun/2024:18:10:38 +0000] "GET / HTTP/1.1" 200 26

2024-06-12T18:11:05.255Z info: ::1 - - [12/Jun/2024:18:11:05 +0000] "GET / HTTP/1.1" 200 26

2024-06-12T18:11:08.173Z info: ::1 - - [12/Jun/2024:18:11:08 +0000] "GET / HTTP/1.1" 200 26

2024-06-12T18:11:09.221Z info: ::1 - - [12/Jun/2024:18:11:09 +0000] "GET / HTTP/1.1" 200 26

2024-06-12T18:11:14.336Z info: ::1 - - [12/Jun/2024:18:11:14 +0000] "GET / HTTP/1.1" 200 26

2024-06-12T18:11:16.901Z info: ::1 - - [12/Jun/2024:18:11:16 +0000] "GET / HTTP/1.1" 200 26

2024-06-12T18:11:28.607Z info: ::1 - - [12/Jun/2024:18:11:28 +0000] "GET / HTTP/1.1" 200 26

2024-06-12T18:11:30.956Z info: ::1 - - [12/Jun/2024:18:11:30 +0000] "GET / HTTP/1.1" 200 26

2024-06-12T18:11:38.008Z info: ::1 - - [12/Jun/2024:18:11:38 +0000] "GET / HTTP/1.1" 200 26

2024-06-12T18:11:57.021Z info: ::1 - - [12/Jun/2024:18:11:57 +0000] "GET / HTTP/1.1" 200 26

2024-06-14T13:34:52.464Z info: ::1 - - [14/Jun/2024:13:34:52 +0000] "GET /tables HTTP/1.1" 200 482

2024-06-14T13:34:56.550Z info: ::1 - - [14/Jun/2024:13:34:56 +0000] "GET / HTTP/1.1" 200 26

2024-06-14T13:35:09.218Z info: ::1 - - [14/Jun/2024:13:35:09 +0000] "GET / HTTP/1.1" 200 26

2024-06-14T13:35:24.804Z info: ::1 - - [14/Jun/2024:13:35:24 +0000] "GET / HTTP/1.1" 200 26

2024-06-14T13:36:17.119Z info: ::1 - - [14/Jun/2024:13:36:17 +0000] "GET /tables HTTP/1.1" 200 482

2024-06-14T13:36:21.096Z info: ::1 - - [14/Jun/2024:13:36:21 +0000] "GET / HTTP/1.1" 200 26

2024-06-14T13:54:13.443Z info: ::1 - - [14/Jun/2024:13:54:13 +0000] "GET /tables HTTP/1.1" 200 482

2024-06-14T13:54:25.798Z info: ::1 - - [14/Jun/2024:13:54:25 +0000] "GET / HTTP/1.1" 200 26

2024-06-14T13:54:35.616Z info: ::1 - - [14/Jun/2024:13:54:35 +0000] "GET / HTTP/1.1" 200 26

2024-06-14T13:55:28.403Z info: ::1 - - [14/Jun/2024:13:55:28 +0000] "GET /tables HTTP/1.1" 200 482

2024-06-14T13:57:27.530Z info: ::1 - - [14/Jun/2024:13:57:27 +0000] "GET /tables HTTP/1.1" 200 482

2024-06-14T13:57:30.421Z info: ::1 - - [14/Jun/2024:13:57:30 +0000] "GET / HTTP/1.1" 200 26

2024-06-14T13:57:35.422Z info: ::1 - - [14/Jun/2024:13:57:35 +0000] "GET / HTTP/1.1" 200 26

2024-06-14T13:58:03.628Z info: ::1 - - [14/Jun/2024:13:58:03 +0000] "GET /tables HTTP/1.1" 200 482

2024-06-14T13:58:53.310Z info: ::1 - - [14/Jun/2024:13:58:53 +0000] "GET /tables HTTP/1.1" 200 482

2024-06-14T13:58:56.771Z info: ::1 - - [14/Jun/2024:13:58:56 +0000] "GET / HTTP/1.1" 200 26

2024-06-14T13:58:57.726Z info: ::1 - - [14/Jun/2024:13:58:57 +0000] "GET / HTTP/1.1" 200 26

2024-06-14T13:58:59.718Z info: ::1 - - [14/Jun/2024:13:58:59 +0000] "GET / HTTP/1.1" 200 26

2024-06-14T13:59:01.420Z info: ::1 - - [14/Jun/2024:13:59:01 +0000] "GET / HTTP/1.1" 200 26

2024-06-14T13:59:30.399Z info: ::1 - - [14/Jun/2024:13:59:30 +0000] "GET /tables HTTP/1.1" 200 482

2024-06-14T13:59:33.944Z info: ::1 - - [14/Jun/2024:13:59:33 +0000] "GET / HTTP/1.1" 200 26

2024-06-14T13:59:47.037Z info: ::1 - - [14/Jun/2024:13:59:47 +0000] "GET /tables HTTP/1.1" 200 482

2024-06-14T14:00:02.644Z info: ::1 - - [14/Jun/2024:14:00:02 +0000] "GET / HTTP/1.1" 200 26

2024-06-14T14:00:04.116Z info: ::1 - - [14/Jun/2024:14:00:04 +0000] "GET / HTTP/1.1" 200 26

2024-06-14T14:00:05.162Z info: ::1 - - [14/Jun/2024:14:00:05 +0000] "GET / HTTP/1.1" 200 26

2024-06-14T14:00:06.611Z info: ::1 - - [14/Jun/2024:14:00:06 +0000] "GET / HTTP/1.1" 200 26

2024-06-14T14:00:09.614Z info: ::1 - - [14/Jun/2024:14:00:09 +0000] "GET / HTTP/1.1" 200 26

2024-06-14T14:00:10.899Z info: ::1 - - [14/Jun/2024:14:00:10 +0000] "GET / HTTP/1.1" 200 26

2024-06-14T14:00:33.883Z info: ::1 - - [14/Jun/2024:14:00:33 +0000] "GET / HTTP/1.1" 200 26

2024-06-14T14:04:05.493Z info: ::1 - - [14/Jun/2024:14:04:05 +0000] "GET /tables HTTP/1.1" 200 482

2024-06-14T14:04:08.303Z info: ::1 - - [14/Jun/2024:14:04:08 +0000] "GET / HTTP/1.1" 200 26

2024-06-14T14:06:02.169Z info: ::1 - - [14/Jun/2024:14:06:02 +0000] "GET / HTTP/1.1" 200 26

2024-06-14T14:06:02.946Z info: ::1 - - [14/Jun/2024:14:06:02 +0000] "GET / HTTP/1.1" 200 26

2024-06-14T14:06:03.330Z info: ::1 - - [14/Jun/2024:14:06:03 +0000] "GET / HTTP/1.1" 200 26

2024-06-14T14:06:03.512Z info: ::1 - - [14/Jun/2024:14:06:03 +0000] "GET / HTTP/1.1" 200 26

2024-06-14T14:06:03.680Z info: ::1 - - [14/Jun/2024:14:06:03 +0000] "GET / HTTP/1.1" 200 26

2024-06-14T14:06:03.889Z info: ::1 - - [14/Jun/2024:14:06:03 +0000] "GET / HTTP/1.1" 200 26

2024-06-14T14:06:04.353Z info: ::1 - - [14/Jun/2024:14:06:04 +0000] "GET / HTTP/1.1" 200 26

2024-06-14T14:06:05.634Z info: ::1 - - [14/Jun/2024:14:06:05 +0000] "GET / HTTP/1.1" 200 26

2024-06-14T14:06:06.023Z info: ::1 - - [14/Jun/2024:14:06:06 +0000] "GET / HTTP/1.1" 200 26

2024-06-14T14:06:18.080Z info: ::1 - - [14/Jun/2024:14:06:18 +0000] "GET / HTTP/1.1" 200 26

2024-06-14T14:06:31.473Z info: ::1 - - [14/Jun/2024:14:06:31 +0000] "GET / HTTP/1.1" 200 26

2024-06-14T14:06:32.941Z info: ::1 - - [14/Jun/2024:14:06:32 +0000] "GET / HTTP/1.1" 200 26

2024-06-14T14:06:37.695Z info: ::1 - - [14/Jun/2024:14:06:37 +0000] "GET / HTTP/1.1" 200 26

2024-06-14T14:06:38.799Z info: ::1 - - [14/Jun/2024:14:06:38 +0000] "GET / HTTP/1.1" 200 26

2024-06-14T14:06:42.117Z info: ::1 - - [14/Jun/2024:14:06:42 +0000] "GET / HTTP/1.1" 200 26

2024-06-14T14:11:42.773Z info: ::1 - - [14/Jun/2024:14:11:42 +0000] "GET / HTTP/1.1" 200 26

2024-06-14T14:12:02.808Z info: ::1 - - [14/Jun/2024:14:12:02 +0000] "GET / HTTP/1.1" 200 26

2024-06-14T14:15:56.192Z info: ::1 - - [14/Jun/2024:14:15:56 +0000] "GET /tables HTTP/1.1" 200 482

2024-06-14T14:16:01.443Z info: ::1 - - [14/Jun/2024:14:16:01 +0000] "GET / HTTP/1.1" 200 26

2024-06-14T14:16:02.284Z info: ::1 - - [14/Jun/2024:14:16:02 +0000] "GET / HTTP/1.1" 200 26

2024-06-14T14:16:02.496Z info: ::1 - - [14/Jun/2024:14:16:02 +0000] "GET / HTTP/1.1" 200 26

2024-06-14T14:16:14.993Z info: ::1 - - [14/Jun/2024:14:16:14 +0000] "GET / HTTP/1.1" 200 26

2024-06-14T14:16:15.564Z info: ::1 - - [14/Jun/2024:14:16:15 +0000] "GET / HTTP/1.1" 200 26

2024-06-14T14:16:15.770Z info: ::1 - - [14/Jun/2024:14:16:15 +0000] "GET / HTTP/1.1" 200 26

2024-06-14T14:17:24.979Z info: ::1 - - [14/Jun/2024:14:17:24 +0000] "GET / HTTP/1.1" 200 26

2024-06-14T14:18:02.806Z info: ::1 - - [14/Jun/2024:14:18:02 +0000] "GET / HTTP/1.1" 200 26

2024-06-14T14:18:04.336Z info: ::1 - - [14/Jun/2024:14:18:04 +0000] "GET / HTTP/1.1" 200 26

2024-06-14T14:18:25.436Z info: ::1 - - [14/Jun/2024:14:18:25 +0000] "GET / HTTP/1.1" 200 26

2024-06-14T14:18:34.137Z info: ::1 - - [14/Jun/2024:14:18:34 +0000] "GET / HTTP/1.1" 200 26

2024-06-14T14:18:51.873Z info: ::1 - - [14/Jun/2024:14:18:51 +0000] "GET / HTTP/1.1" 200 26

2024-06-14T14:19:01.282Z info: ::1 - - [14/Jun/2024:14:19:01 +0000] "GET / HTTP/1.1" 200 26

2024-06-14T14:19:09.192Z info: ::1 - - [14/Jun/2024:14:19:09 +0000] "GET / HTTP/1.1" 200 26

2024-06-14T14:19:24.405Z info: ::1 - - [14/Jun/2024:14:19:24 +0000] "GET / HTTP/1.1" 200 26

2024-06-14T14:20:28.338Z info: ::1 - - [14/Jun/2024:14:20:28 +0000] "GET / HTTP/1.1" 200 26

2024-06-14T14:20:29.742Z info: ::1 - - [14/Jun/2024:14:20:29 +0000] "GET / HTTP/1.1" 200 26

2024-06-14T14:20:30.709Z info: ::1 - - [14/Jun/2024:14:20:30 +0000] "GET / HTTP/1.1" 200 26

2024-06-14T14:20:31.670Z info: ::1 - - [14/Jun/2024:14:20:31 +0000] "GET / HTTP/1.1" 200 26

2024-06-14T14:22:54.729Z info: ::1 - - [14/Jun/2024:14:22:54 +0000] "GET / HTTP/1.1" 200 26

2024-06-14T14:23:13.127Z info: ::1 - - [14/Jun/2024:14:23:13 +0000] "GET / HTTP/1.1" 200 26

2024-06-14T14:23:24.265Z info: ::1 - - [14/Jun/2024:14:23:24 +0000] "GET / HTTP/1.1" 200 26

2024-06-14T14:23:34.821Z info: ::1 - - [14/Jun/2024:14:23:34 +0000] "GET / HTTP/1.1" 200 26

2024-06-14T14:24:01.350Z info: ::1 - - [14/Jun/2024:14:24:01 +0000] "GET / HTTP/1.1" 200 26

2024-06-14T14:25:00.356Z info: ::1 - - [14/Jun/2024:14:25:00 +0000] "GET / HTTP/1.1" 200 26

2024-06-14T14:25:01.269Z info: ::1 - - [14/Jun/2024:14:25:01 +0000] "GET / HTTP/1.1" 200 26

2024-06-14T14:26:00.381Z info: ::1 - - [14/Jun/2024:14:26:00 +0000] "GET / HTTP/1.1" 200 26

2024-06-14T14:26:29.341Z info: ::1 - - [14/Jun/2024:14:26:29 +0000] "GET / HTTP/1.1" 200 26

2024-06-14T14:45:29.562Z info: ::1 - - [14/Jun/2024:14:45:29 +0000] "GET /tables HTTP/1.1" 200 482

2024-06-14T14:50:42.376Z info: ::1 - - [14/Jun/2024:14:50:42 +0000] "GET /orders/table/:1 HTTP/1.1" 412 60

2024-06-14T14:50:48.824Z info: ::1 - - [14/Jun/2024:14:50:48 +0000] "GET /orders/table/1 HTTP/1.1" 412 60

2024-06-14T14:51:21.203Z info: ::1 - - [14/Jun/2024:14:51:21 +0000] "GET /orders HTTP/1.1" 200 -

2024-06-14T14:52:35.782Z info: ::1 - - [14/Jun/2024:14:52:35 +0000] "GET /tables/1/orders HTTP/1.1" 200 918

2024-06-14T14:53:08.525Z info: ::1 - - [14/Jun/2024:14:53:08 +0000] "GET /tables HTTP/1.1" 200 482

2024-06-14T16:26:58.950Z info: ::1 - - [14/Jun/2024:16:26:58 +0000] "GET /tables HTTP/1.1" 200 482

2024-06-14T16:28:37.669Z info: ::1 - - [14/Jun/2024:16:28:37 +0000] "GET /tables HTTP/1.1" 200 482

2024-06-14T16:28:43.030Z info: ::1 - - [14/Jun/2024:16:28:43 +0000] "GET /tables/1/commands HTTP/1.1" 404 156

2024-06-14T16:29:15.248Z info: ::1 - - [14/Jun/2024:16:29:15 +0000] "GET /tables HTTP/1.1" 200 482

2024-06-14T16:29:18.500Z info: ::1 - - [14/Jun/2024:16:29:18 +0000] "GET /tables/1/commands HTTP/1.1" 404 156

2024-06-14T16:31:59.014Z info: ::1 - - [14/Jun/2024:16:31:59 +0000] "GET /tables HTTP/1.1" 200 482

2024-06-14T16:32:02.848Z info: ::1 - - [14/Jun/2024:16:32:02 +0000] "GET /tables/1/orders HTTP/1.1" 200 918

2024-06-14T16:33:00.507Z info: ::1 - - [14/Jun/2024:16:33:00 +0000] "GET /tables HTTP/1.1" 200 482

2024-06-14T16:33:03.593Z info: ::1 - - [14/Jun/2024:16:33:03 +0000] "GET /tables/1/orders HTTP/1.1" 200 918

2024-06-14T16:37:02.308Z info: ::1 - - [14/Jun/2024:16:37:02 +0000] "GET /tables HTTP/1.1" 200 482

2024-06-14T16:37:06.172Z info: ::1 - - [14/Jun/2024:16:37:06 +0000] "GET /tables/1/orders HTTP/1.1" 200 918

2024-06-14T16:37:14.892Z info: ::1 - - [14/Jun/2024:16:37:14 +0000] "GET / HTTP/1.1" 200 26

2024-06-14T16:37:15.772Z info: ::1 - - [14/Jun/2024:16:37:15 +0000] "GET /tables/1/orders HTTP/1.1" 200 918

2024-06-14T16:37:55.468Z info: ::1 - - [14/Jun/2024:16:37:55 +0000] "GET /tables/1/orders HTTP/1.1" 200 918

2024-06-14T16:39:38.899Z info: ::1 - - [14/Jun/2024:16:39:38 +0000] "GET /tables/1/orders HTTP/1.1" 200 918

2024-06-14T16:40:34.353Z info: ::1 - - [14/Jun/2024:16:40:34 +0000] "GET /tables HTTP/1.1" 200 482

2024-06-14T16:40:38.306Z info: ::1 - - [14/Jun/2024:16:40:38 +0000] "GET /tables/1/orders HTTP/1.1" 200 918

2024-06-14T16:40:39.054Z info: ::1 - - [14/Jun/2024:16:40:39 +0000] "GET /tables/1/orders HTTP/1.1" 200 918

2024-06-14T16:40:39.254Z info: ::1 - - [14/Jun/2024:16:40:39 +0000] "GET /tables/1/orders HTTP/1.1" 200 918

2024-06-14T16:40:39.438Z info: ::1 - - [14/Jun/2024:16:40:39 +0000] "GET /tables/1/orders HTTP/1.1" 200 918

2024-06-14T16:40:39.630Z info: ::1 - - [14/Jun/2024:16:40:39 +0000] "GET /tables/1/orders HTTP/1.1" 200 918

2024-06-14T16:42:08.445Z info: ::1 - - [14/Jun/2024:16:42:08 +0000] "GET /orders/table/1 HTTP/1.1" 412 60

2024-06-14T16:42:26.854Z info: ::1 - - [14/Jun/2024:16:42:26 +0000] "GET /orders HTTP/1.1" 200 -

2024-06-14T16:46:01.177Z info: ::1 - - [14/Jun/2024:16:46:01 +0000] "GET /tables HTTP/1.1" 200 482

2024-06-14T16:46:04.789Z info: ::1 - - [14/Jun/2024:16:46:04 +0000] "GET /tables/1/orders HTTP/1.1" 200 918

2024-06-14T16:47:54.486Z info: ::1 - - [14/Jun/2024:16:47:54 +0000] "GET /tables HTTP/1.1" 200 482

2024-06-14T16:48:00.155Z info: ::1 - - [14/Jun/2024:16:48:00 +0000] "GET /tables/1/orders HTTP/1.1" 200 918

2024-06-14T16:49:29.141Z info: ::1 - - [14/Jun/2024:16:49:29 +0000] "GET /tables HTTP/1.1" 200 482

2024-06-14T16:49:35.059Z info: ::1 - - [14/Jun/2024:16:49:35 +0000] "GET /tables HTTP/1.1" 200 482

2024-06-14T16:49:37.625Z info: ::1 - - [14/Jun/2024:16:49:37 +0000] "GET /tables/1/orders HTTP/1.1" 200 918

2024-06-14T16:50:59.941Z info: ::1 - - [14/Jun/2024:16:50:59 +0000] "GET /tables HTTP/1.1" 200 482

2024-06-14T16:51:06.861Z info: ::1 - - [14/Jun/2024:16:51:06 +0000] "GET /tables/1/orders HTTP/1.1" 200 918

2024-06-14T16:51:07.545Z info: ::1 - - [14/Jun/2024:16:51:07 +0000] "GET /tables/1/orders HTTP/1.1" 200 918

2024-06-14T16:51:07.744Z info: ::1 - - [14/Jun/2024:16:51:07 +0000] "GET /tables/1/orders HTTP/1.1" 200 918

2024-06-14T16:51:07.900Z info: ::1 - - [14/Jun/2024:16:51:07 +0000] "GET /tables/1/orders HTTP/1.1" 200 918

2024-06-14T16:51:08.087Z info: ::1 - - [14/Jun/2024:16:51:08 +0000] "GET /tables/1/orders HTTP/1.1" 200 918

2024-06-14T16:51:08.235Z info: ::1 - - [14/Jun/2024:16:51:08 +0000] "GET /tables/1/orders HTTP/1.1" 200 918

2024-06-14T16:52:27.848Z info: ::1 - - [14/Jun/2024:16:52:27 +0000] "GET /tables HTTP/1.1" 200 482

2024-06-14T16:52:36.290Z info: ::1 - - [14/Jun/2024:16:52:36 +0000] "GET /tables/1/orders HTTP/1.1" 200 918

2024-06-14T16:54:34.426Z info: ::1 - - [14/Jun/2024:16:54:34 +0000] "GET /tables HTTP/1.1" 200 482

2024-06-14T16:54:39.349Z info: ::1 - - [14/Jun/2024:16:54:39 +0000] "GET /tables/1/orders HTTP/1.1" 200 918

2024-06-14T16:54:40.072Z info: ::1 - - [14/Jun/2024:16:54:40 +0000] "GET /tables/1/orders HTTP/1.1" 200 918

2024-06-14T16:54:40.289Z info: ::1 - - [14/Jun/2024:16:54:40 +0000] "GET /tables/1/orders HTTP/1.1" 200 918

2024-06-14T16:55:24.729Z info: ::1 - - [14/Jun/2024:16:55:24 +0000] "GET /tables HTTP/1.1" 200 482

2024-06-14T16:55:29.069Z info: ::1 - - [14/Jun/2024:16:55:29 +0000] "GET /tables/1/orders HTTP/1.1" 200 918

2024-06-14T16:57:05.976Z info: ::1 - - [14/Jun/2024:16:57:05 +0000] "GET /tables HTTP/1.1" 200 482

2024-06-14T16:57:09.252Z info: ::1 - - [14/Jun/2024:16:57:09 +0000] "GET /tables/1/orders HTTP/1.1" 200 918

2024-06-14T17:00:59.320Z info: ::1 - - [14/Jun/2024:17:00:59 +0000] "GET /tables HTTP/1.1" 200 482

2024-06-14T17:01:06.148Z info: ::1 - - [14/Jun/2024:17:01:06 +0000] "GET /tables/1/orders HTTP/1.1" 200 918

2024-06-14T17:01:38.262Z info: ::1 - - [14/Jun/2024:17:01:38 +0000] "GET /tables HTTP/1.1" 200 482

2024-06-14T17:02:18.136Z info: ::1 - - [14/Jun/2024:17:02:18 +0000] "GET /tables/1/orders HTTP/1.1" 200 918

2024-06-14T17:03:46.480Z info: ::1 - - [14/Jun/2024:17:03:46 +0000] "GET /tables HTTP/1.1" 200 482

2024-06-14T17:03:50.534Z info: ::1 - - [14/Jun/2024:17:03:50 +0000] "GET /tables/1/orders HTTP/1.1" 200 918

2024-06-14T17:04:56.836Z info: ::1 - - [14/Jun/2024:17:04:56 +0000] "GET / HTTP/1.1" 200 26

2024-06-14T17:04:57.600Z info: ::1 - - [14/Jun/2024:17:04:57 +0000] "GET /tables/1/orders HTTP/1.1" 200 918

2024-06-14T17:05:05.132Z info: ::1 - - [14/Jun/2024:17:05:05 +0000] "GET /tables/2/orders HTTP/1.1" 200 918

2024-06-14T17:05:10.730Z info: ::1 - - [14/Jun/2024:17:05:10 +0000] "GET /tables/3/orders HTTP/1.1" 200 152

2024-06-14T17:05:15.700Z info: ::1 - - [14/Jun/2024:17:05:15 +0000] "GET /tables/2/orders HTTP/1.1" 200 918

2024-06-14T17:05:19.687Z info: ::1 - - [14/Jun/2024:17:05:19 +0000] "GET /tables/3/orders HTTP/1.1" 200 152

2024-06-14T17:05:31.211Z info: ::1 - - [14/Jun/2024:17:05:31 +0000] "GET /tables/3/orders HTTP/1.1" 200 152

2024-06-14T17:05:46.158Z info: ::1 - - [14/Jun/2024:17:05:46 +0000] "GET /tables/2/orders HTTP/1.1" 200 918

2024-06-14T17:06:01.759Z info: ::1 - - [14/Jun/2024:17:06:01 +0000] "GET /tables/1/orders HTTP/1.1" 200 918

2024-06-14T17:24:18.073Z info: ::1 - - [14/Jun/2024:17:24:18 +0000] "GET /orders HTTP/1.1" 412 52

2024-06-14T17:27:32.076Z info: ::1 - - [14/Jun/2024:17:27:32 +0000] "GET /orders HTTP/1.1" 200 2

2024-06-14T17:27:43.122Z info: ::1 - - [14/Jun/2024:17:27:43 +0000] "GET /tables HTTP/1.1" 200 2

2024-06-14T17:30:55.292Z info: ::1 - - [14/Jun/2024:17:30:55 +0000] "POST /tables HTTP/1.1" 200 134

2024-06-14T17:31:01.956Z info: ::1 - - [14/Jun/2024:17:31:01 +0000] "POST /tables HTTP/1.1" 200 134

2024-06-14T17:31:21.976Z info: ::1 - - [14/Jun/2024:17:31:21 +0000] "POST /tables HTTP/1.1" 200 134

2024-06-14T17:31:30.463Z info: ::1 - - [14/Jun/2024:17:31:30 +0000] "GET /tables HTTP/1.1" 200 482

2024-06-14T17:31:43.696Z info: ::1 - - [14/Jun/2024:17:31:43 +0000] "GET /products HTTP/1.1" 200 2

2024-06-14T17:33:28.945Z info: ::1 - - [14/Jun/2024:17:33:28 +0000] "POST /products HTTP/1.1" 200 235

2024-06-14T17:34:02.360Z info: ::1 - - [14/Jun/2024:17:34:02 +0000] "POST /products HTTP/1.1" 200 242

2024-06-14T17:34:32.125Z info: ::1 - - [14/Jun/2024:17:34:32 +0000] "POST /products HTTP/1.1" 200 234

2024-06-14T17:34:46.568Z info: ::1 - - [14/Jun/2024:17:34:46 +0000] "GET /cart HTTP/1.1" 404 143

2024-06-14T17:39:05.478Z info: ::1 - - [14/Jun/2024:17:39:05 +0000] "POST /cart HTTP/1.1" 200 162

2024-06-14T17:39:12.458Z info: ::1 - - [14/Jun/2024:17:39:12 +0000] "POST /cart HTTP/1.1" 200 162

2024-06-14T17:39:16.587Z info: ::1 - - [14/Jun/2024:17:39:16 +0000] "POST /cart HTTP/1.1" 200 162

2024-06-14T17:39:22.841Z info: ::1 - - [14/Jun/2024:17:39:22 +0000] "POST /cart HTTP/1.1" 200 162

2024-06-14T17:39:27.989Z info: ::1 - - [14/Jun/2024:17:39:27 +0000] "POST /cart HTTP/1.1" 200 162

2024-06-14T20:09:15.855Z info: ::1 - - [14/Jun/2024:20:09:15 +0000] "POST /cart HTTP/1.1" 200 162

2024-06-14T20:09:48.504Z info: ::1 - - [14/Jun/2024:20:09:48 +0000] "POST /orders/from-cart/1 HTTP/1.1" 412 62

2024-06-14T20:11:02.892Z info: ::1 - - [14/Jun/2024:20:11:02 +0000] "GET /cart/table/1 HTTP/1.1" 200 590

2024-06-14T20:12:58.592Z info: ::1 - - [14/Jun/2024:20:12:58 +0000] "GET /tables HTTP/1.1" 200 482

2024-06-14T20:13:06.080Z info: ::1 - - [14/Jun/2024:20:13:06 +0000] "GET /cart/table/1 HTTP/1.1" 200 590

2024-06-14T20:13:54.237Z info: ::1 - - [14/Jun/2024:20:13:54 +0000] "POST /orders/from-cart/1 HTTP/1.1" 201 739

2024-06-14T20:14:01.763Z info: ::1 - - [14/Jun/2024:20:14:01 +0000] "POST /orders/from-cart/2 HTTP/1.1" 201 499

2024-06-14T20:14:05.574Z info: ::1 - - [14/Jun/2024:20:14:05 +0000] "POST /orders/from-cart/3 HTTP/1.1" 201 242

2024-06-14T20:14:13.951Z info: ::1 - - [14/Jun/2024:20:14:13 +0000] "GET / HTTP/1.1" 200 26

2024-06-14T20:14:15.403Z info: ::1 - - [14/Jun/2024:20:14:15 +0000] "GET /tables/1/orders HTTP/1.1" 200 1001

2024-06-14T20:14:21.223Z info: ::1 - - [14/Jun/2024:20:14:21 +0000] "GET /tables/3/orders HTTP/1.1" 200 432

2024-06-14T20:14:27.427Z info: ::1 - - [14/Jun/2024:20:14:27 +0000] "GET /tables/2/orders HTTP/1.1" 200 725

2024-06-14T20:14:32.727Z info: ::1 - - [14/Jun/2024:20:14:32 +0000] "GET /tables/1/orders HTTP/1.1" 200 1001

2024-06-14T20:14:36.791Z info: ::1 - - [14/Jun/2024:20:14:36 +0000] "GET / HTTP/1.1" 200 26

2024-06-14T20:14:41.444Z info: ::1 - - [14/Jun/2024:20:14:41 +0000] "GET / HTTP/1.1" 200 26

2024-06-14T20:14:42.486Z info: ::1 - - [14/Jun/2024:20:14:42 +0000] "GET /tables/3/orders HTTP/1.1" 200 432

2024-06-14T20:15:55.316Z info: ::1 - - [14/Jun/2024:20:15:55 +0000] "GET / HTTP/1.1" 200 26

2024-06-14T20:16:04.152Z info: ::1 - - [14/Jun/2024:20:16:04 +0000] "GET / HTTP/1.1" 200 26

2024-06-14T20:16:05.157Z info: ::1 - - [14/Jun/2024:20:16:05 +0000] "GET / HTTP/1.1" 200 26

2024-06-14T20:16:07.918Z info: ::1 - - [14/Jun/2024:20:16:07 +0000] "GET / HTTP/1.1" 200 26

2024-06-14T20:16:35.928Z info: ::1 - - [14/Jun/2024:20:16:35 +0000] "GET / HTTP/1.1" 200 26

2024-06-14T20:16:39.528Z info: ::1 - - [14/Jun/2024:20:16:39 +0000] "GET / HTTP/1.1" 200 26

2024-06-14T20:16:41.232Z info: ::1 - - [14/Jun/2024:20:16:41 +0000] "GET / HTTP/1.1" 200 26

2024-06-14T20:18:00.816Z info: ::1 - - [14/Jun/2024:20:18:00 +0000] "GET / HTTP/1.1" 200 26

2024-06-14T20:19:12.376Z info: ::1 - - [14/Jun/2024:20:19:12 +0000] "GET /orders HTTP/1.1" 200 -

2024-06-14T20:19:47.507Z info: ::1 - - [14/Jun/2024:20:19:47 +0000] "GET / HTTP/1.1" 200 26

2024-06-14T20:19:52.224Z info: ::1 - - [14/Jun/2024:20:19:52 +0000] "GET / HTTP/1.1" 200 26

2024-06-14T20:19:55.914Z info: ::1 - - [14/Jun/2024:20:19:55 +0000] "GET /tables/3/orders HTTP/1.1" 200 432

2024-06-14T20:20:40.075Z info: ::1 - - [14/Jun/2024:20:20:40 +0000] "GET /tables/1/orders HTTP/1.1" 200 1001

2024-06-14T20:21:09.093Z info: ::1 - - [14/Jun/2024:20:21:09 +0000] "GET / HTTP/1.1" 200 26

2024-06-14T20:21:11.835Z info: ::1 - - [14/Jun/2024:20:21:11 +0000] "GET /tables/1/orders HTTP/1.1" 200 1001

